2006.07.28 14:13 B M:\Websites\v3r.2ya.com V3\images\possess\3100.gif --> ftp.in.geocities.com /silent_ditgital_don/images/possess 3100.gif
2006.07.28 14:13 B M:\Websites\v3r.2ya.com V3\images\possess\3310.gif --> ftp.in.geocities.com /silent_ditgital_don/images/possess 3310.gif
2006.07.28 14:13 B M:\Websites\v3r.2ya.com V3\images\possess\6670.gif --> ftp.in.geocities.com /silent_ditgital_don/images/possess 6670.gif
2006.07.28 14:13 B M:\Websites\v3r.2ya.com V3\images\possess\7610.gif --> ftp.in.geocities.com /silent_ditgital_don/images/possess 7610.gif
2006.07.28 14:13 B M:\Websites\v3r.2ya.com V3\images\possess\acer-scanprisa640p.gif --> ftp.in.geocities.com /silent_ditgital_don/images/possess acer-scanprisa640p.gif
2006.07.28 14:13 B M:\Websites\v3r.2ya.com V3\images\possess\atari2600.gif --> ftp.in.geocities.com /silent_ditgital_don/images/possess atari2600.gif
2006.07.28 14:13 B M:\Websites\v3r.2ya.com V3\images\possess\backupses500.gif --> ftp.in.geocities.com /silent_ditgital_don/images/possess backupses500.gif
2006.07.28 14:14 B M:\Websites\v3r.2ya.com V3\images\possess\backupses500.jpg --> ftp.in.geocities.com /silent_ditgital_don/images/possess backupses500.jpg
2006.07.28 14:14 B M:\Websites\v3r.2ya.com V3\images\possess\delli6400.gif --> ftp.in.geocities.com /silent_ditgital_don/images/possess delli6400.gif
2006.07.28 14:14 B M:\Websites\v3r.2ya.com V3\images\possess\delli6400.jpg --> ftp.in.geocities.com /silent_ditgital_don/images/possess delli6400.jpg
2006.07.28 14:14 B M:\Websites\v3r.2ya.com V3\images\possess\dellld500.gif --> ftp.in.geocities.com /silent_ditgital_don/images/possess dellld500.gif
2006.07.28 14:14 B M:\Websites\v3r.2ya.com V3\images\possess\dellld500.jpg --> ftp.in.geocities.com /silent_ditgital_don/images/possess dellld500.jpg
2006.07.28 14:14 B M:\Websites\v3r.2ya.com V3\images\possess\drives.gif --> ftp.in.geocities.com /silent_ditgital_don/images/possess drives.gif
2006.07.28 14:14 B M:\Websites\v3r.2ya.com V3\images\possess\dv5000.gif --> ftp.in.geocities.com /silent_ditgital_don/images/possess dv5000.gif
2006.07.28 14:14 B M:\Websites\v3r.2ya.com V3\images\possess\gbc.gif --> ftp.in.geocities.com /silent_ditgital_don/images/possess gbc.gif
2006.07.28 14:14 B M:\Websites\v3r.2ya.com V3\images\possess\handvideogame.gif --> ftp.in.geocities.com /silent_ditgital_don/images/possess handvideogame.gif
2006.07.28 14:14 B M:\Websites\v3r.2ya.com V3\images\possess\hpdeskjet3744-1.jpg --> ftp.in.geocities.com /silent_ditgital_don/images/possess hpdeskjet3744-1.jpg
2006.07.28 14:14 B M:\Websites\v3r.2ya.com V3\images\possess\hpdeskjet3744.gif --> ftp.in.geocities.com /silent_ditgital_don/images/possess hpdeskjet3744.gif
2006.07.28 14:15 B M:\Websites\v3r.2ya.com V3\images\possess\hpdeskjet3744.jpg --> ftp.in.geocities.com /silent_ditgital_don/images/possess hpdeskjet3744.jpg
2006.07.28 14:15 B M:\Websites\v3r.2ya.com V3\images\possess\hpdeskjet610c.gif --> ftp.in.geocities.com /silent_ditgital_don/images/possess hpdeskjet610c.gif
2006.07.28 14:15 B M:\Websites\v3r.2ya.com V3\images\possess\intel-cs330.gif --> ftp.in.geocities.com /silent_ditgital_don/images/possess intel-cs330.gif
2006.07.28 14:15 B M:\Websites\v3r.2ya.com V3\images\possess\intel-cs330.jpg --> ftp.in.geocities.com /silent_ditgital_don/images/possess intel-cs330.jpg
2006.07.28 14:15 B M:\Websites\v3r.2ya.com V3\images\possess\ipodnano.gif --> ftp.in.geocities.com /silent_ditgital_don/images/possess ipodnano.gif
2006.07.28 14:15 B M:\Websites\v3r.2ya.com V3\images\possess\ipodnano.jpg --> ftp.in.geocities.com /silent_ditgital_don/images/possess ipodnano.jpg
2006.07.28 14:15 B M:\Websites\v3r.2ya.com V3\images\possess\jvc-grsxm260.gif --> ftp.in.geocities.com /silent_ditgital_don/images/possess jvc-grsxm260.gif
2006.07.28 14:15 B M:\Websites\v3r.2ya.com V3\images\possess\kh-ws1.gif --> ftp.in.geocities.com /silent_ditgital_don/images/possess kh-ws1.gif
2006.07.28 14:15 B M:\Websites\v3r.2ya.com V3\images\possess\lgstick.gif --> ftp.in.geocities.com /silent_ditgital_don/images/possess lgstick.gif
2006.07.28 14:15 B M:\Websites\v3r.2ya.com V3\images\possess\lgstick.jpg --> ftp.in.geocities.com /silent_ditgital_don/images/possess lgstick.jpg
2006.07.28 14:15 B M:\Websites\v3r.2ya.com V3\images\possess\Nintendo.jpg --> ftp.in.geocities.com /silent_ditgital_don/images/possess Nintendo.jpg
2006.07.28 14:15 B M:\Websites\v3r.2ya.com V3\images\possess\nintendodslite.gif --> ftp.in.geocities.com /silent_ditgital_don/images/possess nintendodslite.gif
2006.07.28 14:15 B M:\Websites\v3r.2ya.com V3\images\possess\nintendodslite.jpg --> ftp.in.geocities.com /silent_ditgital_don/images/possess nintendodslite.jpg
2006.07.28 14:15 B M:\Websites\v3r.2ya.com V3\images\possess\nokia2100.gif --> ftp.in.geocities.com /silent_ditgital_don/images/possess nokia2100.gif
2006.07.28 14:16 B M:\Websites\v3r.2ya.com V3\images\possess\nokia3100.gif --> ftp.in.geocities.com /silent_ditgital_don/images/possess nokia3100.gif
2006.07.28 14:16 B M:\Websites\v3r.2ya.com V3\images\possess\nokia3310.jpg --> ftp.in.geocities.com /silent_ditgital_don/images/possess nokia3310.jpg
2006.07.28 14:16 B M:\Websites\v3r.2ya.com V3\images\possess\nokia6670.jpg --> ftp.in.geocities.com /silent_ditgital_don/images/possess nokia6670.jpg
2006.07.28 14:16 B M:\Websites\v3r.2ya.com V3\images\possess\nokia7610.jpg --> ftp.in.geocities.com /silent_ditgital_don/images/possess nokia7610.jpg
2006.07.28 14:16 B M:\Websites\v3r.2ya.com V3\images\possess\nomadmuvo128.gif --> ftp.in.geocities.com /silent_ditgital_don/images/possess nomadmuvo128.gif
2006.07.28 14:16 B M:\Websites\v3r.2ya.com V3\images\possess\nomadmuvo128e.gif --> ftp.in.geocities.com /silent_ditgital_don/images/possess nomadmuvo128e.gif
2006.07.28 14:16 B M:\Websites\v3r.2ya.com V3\images\possess\nvgs75.gif --> ftp.in.geocities.com /silent_ditgital_don/images/possess nvgs75.gif
2006.07.28 14:16 B M:\Websites\v3r.2ya.com V3\images\possess\nvgs75.jpg --> ftp.in.geocities.com /silent_ditgital_don/images/possess nvgs75.jpg
2006.07.28 14:16 B M:\Websites\v3r.2ya.com V3\images\possess\olympus-mjuzoomwide80.gif --> ftp.in.geocities.com /silent_ditgital_don/images/possess olympus-mjuzoomwide80.gif
2006.07.28 14:16 B M:\Websites\v3r.2ya.com V3\images\possess\pansonic-kx-tc1107sub.gif --> ftp.in.geocities.com /silent_ditgital_don/images/possess pansonic-kx-tc1107sub.gif
2006.07.28 14:16 B M:\Websites\v3r.2ya.com V3\images\possess\plasmatv-42x-pz-x-lent.jpg --> ftp.in.geocities.com /silent_ditgital_don/images/possess plasmatv-42x-pz-x-lent.jpg
2006.07.28 14:16 B M:\Websites\v3r.2ya.com V3\images\possess\ps2.gif --> ftp.in.geocities.com /silent_ditgital_don/images/possess ps2.gif
2006.07.28 14:17 B M:\Websites\v3r.2ya.com V3\images\possess\ps2_diff.jpg --> ftp.in.geocities.com /silent_ditgital_don/images/possess ps2_diff.jpg
2006.07.28 14:17 B M:\Websites\v3r.2ya.com V3\images\possess\ps2s.jpg --> ftp.in.geocities.com /silent_ditgital_don/images/possess ps2s.jpg
2006.07.28 14:17 B M:\Websites\v3r.2ya.com V3\images\possess\ps2s1.jpg --> ftp.in.geocities.com /silent_ditgital_don/images/possess ps2s1.jpg
2006.07.28 14:17 B M:\Websites\v3r.2ya.com V3\images\possess\ps2slim.gif --> ftp.in.geocities.com /silent_ditgital_don/images/possess ps2slim.gif
2006.07.28 14:17 B M:\Websites\v3r.2ya.com V3\images\possess\ps2slim.jpg --> ftp.in.geocities.com /silent_ditgital_don/images/possess ps2slim.jpg
2006.07.28 14:17 B M:\Websites\v3r.2ya.com V3\images\possess\pslogo.jpg --> ftp.in.geocities.com /silent_ditgital_don/images/possess pslogo.jpg
2006.07.28 14:17 B M:\Websites\v3r.2ya.com V3\images\possess\psone.gif --> ftp.in.geocities.com /silent_ditgital_don/images/possess psone.gif
2006.07.28 14:17 B M:\Websites\v3r.2ya.com V3\images\possess\psonee.gif --> ftp.in.geocities.com /silent_ditgital_don/images/possess psonee.gif
2006.07.28 14:17 B M:\Websites\v3r.2ya.com V3\images\possess\rqsx43.gif --> ftp.in.geocities.com /silent_ditgital_don/images/possess rqsx43.gif
2006.07.28 14:17 B M:\Websites\v3r.2ya.com V3\images\possess\samsung-753dfx.gif --> ftp.in.geocities.com /silent_ditgital_don/images/possess samsung-753dfx.gif
2006.07.28 14:17 B M:\Websites\v3r.2ya.com V3\images\possess\sarv900.gif --> ftp.in.geocities.com /silent_ditgital_don/images/possess sarv900.gif
2006.07.28 14:17 B M:\Websites\v3r.2ya.com V3\images\possess\scvk50.gif --> ftp.in.geocities.com /silent_ditgital_don/images/possess scvk50.gif
2006.07.28 14:17 B M:\Websites\v3r.2ya.com V3\images\possess\scvk50e.gif --> ftp.in.geocities.com /silent_ditgital_don/images/possess scvk50e.gif
2006.07.28 14:18 B M:\Websites\v3r.2ya.com V3\images\possess\soundblasterlive.gif --> ftp.in.geocities.com /silent_ditgital_don/images/possess soundblasterlive.gif
2006.07.28 14:18 B M:\Websites\v3r.2ya.com V3\images\possess\soundblasterlivee.gif --> ftp.in.geocities.com /silent_ditgital_don/images/possess soundblasterlivee.gif
2006.07.28 14:18 B M:\Websites\v3r.2ya.com V3\images\possess\talkingbrickgame.gif --> ftp.in.geocities.com /silent_ditgital_don/images/possess talkingbrickgame.gif
2006.07.28 14:18 B M:\Websites\v3r.2ya.com V3\images\possess\Thumbs.db --> ftp.in.geocities.com /silent_ditgital_don/images/possess Thumbs.db
2006.07.28 14:21 B M:\Websites\v3r.2ya.com V3\images\possess\3100.gif --> ftp.in.geocities.com /silent_ditgital_don/images/possess 3100.gif
2006.07.28 14:21 B M:\Websites\v3r.2ya.com V3\images\possess\3310.gif --> ftp.in.geocities.com /silent_ditgital_don/images/possess 3310.gif
2006.07.28 14:21 B M:\Websites\v3r.2ya.com V3\images\possess\6670.gif --> ftp.in.geocities.com /silent_ditgital_don/images/possess 6670.gif
2006.07.28 14:21 B M:\Websites\v3r.2ya.com V3\images\possess\7610.gif --> ftp.in.geocities.com /silent_ditgital_don/images/possess 7610.gif
2006.07.28 14:21 B M:\Websites\v3r.2ya.com V3\images\possess\acer-scanprisa640p.gif --> ftp.in.geocities.com /silent_ditgital_don/images/possess acer-scanprisa640p.gif
2006.07.28 14:21 B M:\Websites\v3r.2ya.com V3\images\possess\atari2600.gif --> ftp.in.geocities.com /silent_ditgital_don/images/possess atari2600.gif
2006.07.28 14:21 B M:\Websites\v3r.2ya.com V3\images\possess\backupses500.gif --> ftp.in.geocities.com /silent_ditgital_don/images/possess backupses500.gif
2006.07.28 14:21 B M:\Websites\v3r.2ya.com V3\images\possess\backupses500.jpg --> ftp.in.geocities.com /silent_ditgital_don/images/possess backupses500.jpg
2006.07.28 14:22 B M:\Websites\v3r.2ya.com V3\images\possess\delli6400.gif --> ftp.in.geocities.com /silent_ditgital_don/images/possess delli6400.gif
2006.07.28 14:22 B M:\Websites\v3r.2ya.com V3\images\possess\delli6400.jpg --> ftp.in.geocities.com /silent_ditgital_don/images/possess delli6400.jpg
2006.07.28 14:22 B M:\Websites\v3r.2ya.com V3\images\possess\dellld500.gif --> ftp.in.geocities.com /silent_ditgital_don/images/possess dellld500.gif
2006.07.28 14:22 B M:\Websites\v3r.2ya.com V3\images\possess\dellld500.jpg --> ftp.in.geocities.com /silent_ditgital_don/images/possess dellld500.jpg
2006.07.28 14:22 B M:\Websites\v3r.2ya.com V3\images\possess\drives.gif --> ftp.in.geocities.com /silent_ditgital_don/images/possess drives.gif
2006.07.28 14:22 B M:\Websites\v3r.2ya.com V3\images\possess\dv5000.gif --> ftp.in.geocities.com /silent_ditgital_don/images/possess dv5000.gif
2006.07.28 14:22 B M:\Websites\v3r.2ya.com V3\images\possess\gbc.gif --> ftp.in.geocities.com /silent_ditgital_don/images/possess gbc.gif
2006.07.28 14:22 B M:\Websites\v3r.2ya.com V3\images\possess\handvideogame.gif --> ftp.in.geocities.com /silent_ditgital_don/images/possess handvideogame.gif
2006.07.28 14:22 B M:\Websites\v3r.2ya.com V3\images\possess\hpdeskjet3744-1.jpg --> ftp.in.geocities.com /silent_ditgital_don/images/possess hpdeskjet3744-1.jpg
2006.07.28 14:22 B M:\Websites\v3r.2ya.com V3\images\possess\hpdeskjet3744.gif --> ftp.in.geocities.com /silent_ditgital_don/images/possess hpdeskjet3744.gif
2006.07.28 14:22 B M:\Websites\v3r.2ya.com V3\images\possess\hpdeskjet3744.jpg --> ftp.in.geocities.com /silent_ditgital_don/images/possess hpdeskjet3744.jpg
2006.07.28 14:22 B M:\Websites\v3r.2ya.com V3\images\possess\hpdeskjet610c.gif --> ftp.in.geocities.com /silent_ditgital_don/images/possess hpdeskjet610c.gif
2006.07.28 14:22 B M:\Websites\v3r.2ya.com V3\images\possess\intel-cs330.gif --> ftp.in.geocities.com /silent_ditgital_don/images/possess intel-cs330.gif
2006.07.28 14:23 B M:\Websites\v3r.2ya.com V3\images\possess\intel-cs330.jpg --> ftp.in.geocities.com /silent_ditgital_don/images/possess intel-cs330.jpg
2006.07.28 14:23 B M:\Websites\v3r.2ya.com V3\images\possess\ipodnano.gif --> ftp.in.geocities.com /silent_ditgital_don/images/possess ipodnano.gif
2006.07.28 14:23 B M:\Websites\v3r.2ya.com V3\images\possess\ipodnano.jpg --> ftp.in.geocities.com /silent_ditgital_don/images/possess ipodnano.jpg
2006.07.28 14:23 B M:\Websites\v3r.2ya.com V3\images\possess\jvc-grsxm260.gif --> ftp.in.geocities.com /silent_ditgital_don/images/possess jvc-grsxm260.gif
2006.07.28 14:23 B M:\Websites\v3r.2ya.com V3\images\possess\kh-ws1.gif --> ftp.in.geocities.com /silent_ditgital_don/images/possess kh-ws1.gif
2006.07.28 14:23 B M:\Websites\v3r.2ya.com V3\images\possess\lgstick.gif --> ftp.in.geocities.com /silent_ditgital_don/images/possess lgstick.gif
2006.07.28 14:23 B M:\Websites\v3r.2ya.com V3\images\possess\lgstick.jpg --> ftp.in.geocities.com /silent_ditgital_don/images/possess lgstick.jpg
2006.07.28 14:23 B M:\Websites\v3r.2ya.com V3\images\possess\Nintendo.jpg --> ftp.in.geocities.com /silent_ditgital_don/images/possess Nintendo.jpg
2006.07.28 14:23 B M:\Websites\v3r.2ya.com V3\images\possess\nintendodslite.gif --> ftp.in.geocities.com /silent_ditgital_don/images/possess nintendodslite.gif
2006.07.28 14:23 B M:\Websites\v3r.2ya.com V3\images\possess\nintendodslite.jpg --> ftp.in.geocities.com /silent_ditgital_don/images/possess nintendodslite.jpg
2006.07.28 14:23 B M:\Websites\v3r.2ya.com V3\images\possess\nokia2100.gif --> ftp.in.geocities.com /silent_ditgital_don/images/possess nokia2100.gif
2006.07.28 14:23 B M:\Websites\v3r.2ya.com V3\images\possess\nokia3100.gif --> ftp.in.geocities.com /silent_ditgital_don/images/possess nokia3100.gif
2006.07.28 14:24 B M:\Websites\v3r.2ya.com V3\images\possess\nokia3310.jpg --> ftp.in.geocities.com /silent_ditgital_don/images/possess nokia3310.jpg
2006.07.28 14:24 B M:\Websites\v3r.2ya.com V3\images\possess\nokia6670.jpg --> ftp.in.geocities.com /silent_ditgital_don/images/possess nokia6670.jpg
2006.07.28 14:24 B M:\Websites\v3r.2ya.com V3\images\possess\nokia7610.jpg --> ftp.in.geocities.com /silent_ditgital_don/images/possess nokia7610.jpg
2006.07.28 14:24 B M:\Websites\v3r.2ya.com V3\images\possess\nomadmuvo128.gif --> ftp.in.geocities.com /silent_ditgital_don/images/possess nomadmuvo128.gif
2006.07.28 14:24 B M:\Websites\v3r.2ya.com V3\images\possess\nomadmuvo128e.gif --> ftp.in.geocities.com /silent_ditgital_don/images/possess nomadmuvo128e.gif
2006.07.28 14:24 B M:\Websites\v3r.2ya.com V3\images\possess\nvgs75.gif --> ftp.in.geocities.com /silent_ditgital_don/images/possess nvgs75.gif
2006.07.28 14:24 B M:\Websites\v3r.2ya.com V3\images\possess\nvgs75.jpg --> ftp.in.geocities.com /silent_ditgital_don/images/possess nvgs75.jpg
2006.07.28 14:24 B M:\Websites\v3r.2ya.com V3\images\possess\olympus-mjuzoomwide80.gif --> ftp.in.geocities.com /silent_ditgital_don/images/possess olympus-mjuzoomwide80.gif
2006.07.28 14:24 B M:\Websites\v3r.2ya.com V3\images\possess\pansonic-kx-tc1107sub.gif --> ftp.in.geocities.com /silent_ditgital_don/images/possess pansonic-kx-tc1107sub.gif
2006.07.28 14:24 B M:\Websites\v3r.2ya.com V3\images\possess\plasmatv-42x-pz-x-lent.jpg --> ftp.in.geocities.com /silent_ditgital_don/images/possess plasmatv-42x-pz-x-lent.jpg
