2006.07.28 14:07 B M:\Websites\v3r.2ya.com V3\images\BanneranimatedFinal.swf --> ftp.in.geocities.com /silent_ditgital_don/images BanneranimatedFinal.swf
2006.07.28 14:08 B M:\Websites\v3r.2ya.com V3\images\Banner1.jpg --> ftp.in.geocities.com /silent_ditgital_don/images Banner1.jpg
2006.07.28 14:08 B M:\Websites\v3r.2ya.com V3\images\Banner2.jpg --> ftp.in.geocities.com /silent_ditgital_don/images Banner2.jpg
2006.07.28 14:08 B M:\Websites\v3r.2ya.com V3\images\button.gif --> ftp.in.geocities.com /silent_ditgital_don/images button.gif
2006.07.28 14:09 B M:\Websites\v3r.2ya.com V3\images\buttonp.gif --> ftp.in.geocities.com /silent_ditgital_don/images buttonp.gif
2006.07.28 14:09 B M:\Websites\v3r.2ya.com V3\images\com.gif --> ftp.in.geocities.com /silent_ditgital_don/images com.gif
2006.07.28 14:09 B M:\Websites\v3r.2ya.com V3\images\Dbz logo.jpg --> ftp.in.geocities.com /silent_ditgital_don/images Dbz logo.jpg
2006.07.28 14:10 B M:\Websites\v3r.2ya.com V3\images\Dbz logo.jpg --> ftp.in.geocities.com /silent_ditgital_don/images Dbz logo.jpg
2006.07.28 14:11 B M:\Websites\v3r.2ya.com V3\images\download.gif --> ftp.in.geocities.com /silent_ditgital_don/images download.gif
2006.07.28 14:11 B M:\Websites\v3r.2ya.com V3\images\edu.gif --> ftp.in.geocities.com /silent_ditgital_don/images edu.gif
2006.07.28 14:11 B M:\Websites\v3r.2ya.com V3\images\Enter.gif --> ftp.in.geocities.com /silent_ditgital_don/images Enter.gif
2006.07.28 14:11 B M:\Websites\v3r.2ya.com V3\images\exp.gif --> ftp.in.geocities.com /silent_ditgital_don/images exp.gif
2006.07.28 14:11 B M:\Websites\v3r.2ya.com V3\images\freemail.gif --> ftp.in.geocities.com /silent_ditgital_don/images freemail.gif
2006.07.28 14:11 B M:\Websites\v3r.2ya.com V3\images\games.gif --> ftp.in.geocities.com /silent_ditgital_don/images games.gif
2006.07.28 14:11 B M:\Websites\v3r.2ya.com V3\images\misc.gif --> ftp.in.geocities.com /silent_ditgital_don/images misc.gif
2006.07.28 14:11 B M:\Websites\v3r.2ya.com V3\images\mls2.gif --> ftp.in.geocities.com /silent_ditgital_don/images mls2.gif
2006.07.28 14:11 B M:\Websites\v3r.2ya.com V3\images\mp3s.gif --> ftp.in.geocities.com /silent_ditgital_don/images mp3s.gif
2006.07.28 14:11 B M:\Websites\v3r.2ya.com V3\images\online.gif --> ftp.in.geocities.com /silent_ditgital_don/images online.gif
2006.07.28 14:11 B M:\Websites\v3r.2ya.com V3\images\Ranju.jpg --> ftp.in.geocities.com /silent_ditgital_don/images Ranju.jpg
2006.07.28 14:12 B M:\Websites\v3r.2ya.com V3\images\remail.gif --> ftp.in.geocities.com /silent_ditgital_don/images remail.gif
2006.07.28 14:12 B M:\Websites\v3r.2ya.com V3\images\ruler.gif --> ftp.in.geocities.com /silent_ditgital_don/images ruler.gif
2006.07.28 14:12 B M:\Websites\v3r.2ya.com V3\images\search.gif --> ftp.in.geocities.com /silent_ditgital_don/images search.gif
2006.07.28 14:12 B M:\Websites\v3r.2ya.com V3\images\shorturl4.GIF --> ftp.in.geocities.com /silent_ditgital_don/images shorturl4.GIF
2006.07.28 14:12 B M:\Websites\v3r.2ya.com V3\images\sifymail.gif --> ftp.in.geocities.com /silent_ditgital_don/images sifymail.gif
2006.07.28 14:12 B M:\Websites\v3r.2ya.com V3\images\V3r.gif --> ftp.in.geocities.com /silent_ditgital_don/images V3r.gif
2006.07.28 14:12 B M:\Websites\v3r.2ya.com V3\images\V3R.JPG --> ftp.in.geocities.com /silent_ditgital_don/images V3R.JPG
2006.07.28 14:12 B M:\Websites\v3r.2ya.com V3\images\V3r.png --> ftp.in.geocities.com /silent_ditgital_don/images V3r.png
2006.07.28 14:12 B M:\Websites\v3r.2ya.com V3\images\V3R_lr.JPG --> ftp.in.geocities.com /silent_ditgital_don/images V3R_lr.JPG
2006.07.28 14:12 B M:\Websites\v3r.2ya.com V3\images\ym.gif --> ftp.in.geocities.com /silent_ditgital_don/images ym.gif
